[0516/163318.518:ERROR:process_memory_win.cc(73)] ReadMemory at 0x7ff675e20000 of 64 bytes failed: ReadProcessMemory 要求または WriteProcessMemory 要求の一部だけを完了しました。 (0x12B)
[0516/163318.519:WARNING:pe_image_reader.cc(340)] could not read dos header from C:\Program Files (x86)\Google\Chrome\Application\chrome.exe
[0516/163318.519:ERROR:process_memory_win.cc(73)] ReadMemory at 0x7ffd9c5c0000 of 64 bytes failed: ReadProcessMemory 要求または WriteProcessMemory 要求の一部だけを完了しました。 (0x12B)
[0516/163318.519:WARNING:pe_image_reader.cc(340)] could not read dos header from C:\WINDOWS\SYSTEM32\ntdll.dll
[0516/163318.519:ERROR:process_memory_win.cc(73)] ReadMemory at 0x7ffd9b1d0000 of 64 bytes failed: ReadProcessMemory 要求または WriteProcessMemory 要求の一部だけを完了しました。 (0x12B)
[0516/163318.519:WARNING:pe_image_reader.cc(340)] could not read dos header from C:\WINDOWS\System32\KERNEL32.DLL
[0516/163318.519:ERROR:process_memory_win.cc(73)] ReadMemory at 0x7ffd995f0000 of 64 bytes failed: ReadProcessMemory 要求または WriteProcessMemory 要求の一部だけを完了しました。 (0x12B)
[0516/163318.520:WARNING:pe_image_reader.cc(340)] could not read dos header from C:\WINDOWS\System32\KERNELBASE.dll
[0516/163318.520:ERROR:process_memory_win.cc(73)] ReadMemory at 0x7ffd50470000 of 64 bytes failed: ReadProcessMemory 要求または WriteProcessMemory 要求の一部だけを完了しました。 (0x12B)
[0516/163318.520:WARNING:pe_image_reader.cc(340)] could not read dos header from C:\Program Files (x86)\Google\Chrome\Application\81.0.4044.138\chrome_elf.dll
[0516/163318.520:ERROR:process_memory_win.cc(73)] ReadMemory at 0x7ffd93e30000 of 64 bytes failed: ReadProcessMemory 要求または WriteProcessMemory 要求の一部だけを完了しました。 (0x12B)
[0516/163318.520:WARNING:pe_image_reader.cc(340)] could not read dos header from C:\WINDOWS\SYSTEM32\VERSION.dll
[0516/163318.520:ERROR:process_memory_win.cc(73)] ReadMemory at 0x7ffd9c160000 of 64 bytes failed: ReadProcessMemory 要求または WriteProcessMemory 要求の一部だけを完了しました。 (0x12B)
[0516/163318.520:WARNING:pe_image_reader.cc(340)] could not read dos header from C:\WINDOWS\System32\msvcrt.dll
[0516/163318.520:ERROR:process_memory_win.cc(73)] ReadMemory at 0x7ffd9a280000 of 64 bytes failed: ReadProcessMemory 要求または WriteProcessMemory 要求の一部だけを完了しました。 (0x12B)
[0516/163318.520:WARNING:pe_image_reader.cc(340)] could not read dos header from C:\WINDOWS\System32\bcryptPrimitives.dll
[0516/163318.520:ERROR:process_memory_win.cc(73)] ReadMemory at 0x18e56090000 of 64 bytes failed: ReadProcessMemory 要求または WriteProcessMemory 要求の一部だけを完了しました。 (0x12B)
[0516/163318.520:WARNING:pe_image_reader.cc(340)] could not read dos header from C:\WINDOWS\System32\ADVAPI32.dll
[0516/163318.520:ERROR:process_memory_win.cc(73)] ReadMemory at 0x7ffd9c410000 of 64 bytes failed: ReadProcessMemory 要求または WriteProcessMemory 要求の一部だけを完了しました。 (0x12B)
[0516/163318.520:WARNING:pe_image_reader.cc(340)] could not read dos header from C:\WINDOWS\System32\sechost.dll
[0516/163318.520:ERROR:process_memory_win.cc(73)] ReadMemory at 0x7ffd9b890000 of 64 bytes failed: ReadProcessMemory 要求または WriteProcessMemory 要求の一部だけを完了しました。 (0x12B)
[0516/163318.520:WARNING:pe_image_reader.cc(340)] could not read dos header from C:\WINDOWS\System32\RPCRT4.dll
[0516/163318.520:ERROR:process_memory_win.cc(73)] ReadMemory at 0x7ffd1e980000 of 64 bytes failed: ReadProcessMemory 要求または WriteProcessMemory 要求の一部だけを完了しました。 (0x12B)
[0516/163318.520:WARNING:pe_image_reader.cc(340)] could not read dos header from C:\Program Files (x86)\Google\Chrome\Application\81.0.4044.138\chrome.dll
[0516/163318.520:ERROR:process_memory_win.cc(73)] ReadMemory at 0x7ffd9b710000 of 64 bytes failed: ReadProcessMemory 要求または WriteProcessMemory 要求の一部だけを完了しました。 (0x12B)
[0516/163318.520:WARNING:pe_image_reader.cc(340)] could not read dos header from C:\WINDOWS\System32\WS2_32.dll
[0516/163318.520:ERROR:process_memory_win.cc(73)] ReadMemory at 0x7ffd9c4b0000 of 64 bytes failed: ReadProcessMemory 要求または WriteProcessMemory 要求の一部だけを完了しました。 (0x12B)
[0516/163318.520:WARNING:pe_image_reader.cc(340)] could not read dos header from C:\WINDOWS\System32\OLEAUT32.dll
[0516/163318.520:ERROR:process_memory_win.cc(73)] ReadMemory at 0x7ffd99550000 of 64 bytes failed: ReadProcessMemory 要求または WriteProcessMemory 要求の一部だけを完了しました。 (0x12B)
[0516/163318.520:WARNING:pe_image_reader.cc(340)] could not read dos header from C:\WINDOWS\System32\msvcp_win.dll
[0516/163318.520:ERROR:process_memory_win.cc(73)] ReadMemory at 0x7ffd9a4a0000 of 64 bytes failed: ReadProcessMemory 要求または WriteProcessMemory 要求の一部だけを完了しました。 (0x12B)
[0516/163318.520:WARNING:pe_image_reader.cc(340)] could not read dos header from C:\WINDOWS\System32\ucrtbase.dll
[0516/163318.520:ERROR:process_memory_win.cc(73)] ReadMemory at 0x7ffd9a720000 of 64 bytes failed: ReadProcessMemory 要求または WriteProcessMemory 要求の一部だけを完了しました。 (0x12B)
[0516/163318.520:WARNING:pe_image_reader.cc(340)] could not read dos header from C:\WINDOWS\System32\combase.dll
[0516/163318.520:ERROR:process_memory_win.cc(73)] ReadMemory at 0x7ffd998a0000 of 64 bytes failed: ReadProcessMemory 要求または WriteProcessMemory 要求の一部だけを完了しました。 (0x12B)
[0516/163318.520:WARNING:pe_image_reader.cc(340)] could not read dos header from C:\WINDOWS\System32\WINTRUST.dll
[0516/163318.520:ERROR:process_memory_win.cc(73)] ReadMemory at 0x7ffd994e0000 of 64 bytes failed: ReadProcessMemory 要求または WriteProcessMemory 要求の一部だけを完了しました。 (0x12B)
[0516/163318.520:WARNING:pe_image_reader.cc(340)] could not read dos header from C:\WINDOWS\System32\MSASN1.dll
[0516/163318.520:ERROR:process_memory_win.cc(73)] ReadMemory at 0x7ffd9a130000 of 64 bytes failed: ReadProcessMemory 要求または WriteProcessMemory 要求の一部だけを完了しました。 (0x12B)
[0516/163318.520:WARNING:pe_image_reader.cc(340)] could not read dos header from C:\WINDOWS\System32\CRYPT32.dll
[0516/163318.520:ERROR:process_memory_win.cc(73)] ReadMemory at 0x7ffd98a00000 of 64 bytes failed: ReadProcessMemory 要求または WriteProcessMemory 要求の一部だけを完了しました。 (0x12B)
[0516/163318.520:WARNING:pe_image_reader.cc(340)] could not read dos header from C:\WINDOWS\SYSTEM32\IPHLPAPI.DLL
[0516/163318.520:ERROR:process_memory_win.cc(73)] ReadMemory at 0x7ffd84610000 of 64 bytes failed: ReadProcessMemory 要求または WriteProcessMemory 要求の一部だけを完了しました。 (0x12B)
[0516/163318.520:WARNING:pe_image_reader.cc(340)] could not read dos header from C:\WINDOWS\SYSTEM32\WINMM.dll
[0516/163318.521:ERROR:process_memory_win.cc(73)] ReadMemory at 0x7ffd8bab0000 of 64 bytes failed: ReadProcessMemory 要求または WriteProcessMemory 要求の一部だけを完了しました。 (0x12B)
[0516/163318.521:WARNING:pe_image_reader.cc(340)] could not read dos header from C:\WINDOWS\SYSTEM32\Secur32.dll
[0516/163318.521:ERROR:process_memory_win.cc(73)] ReadMemory at 0x7ffd993a0000 of 64 bytes failed: ReadProcessMemory 要求または WriteProcessMemory 要求の一部だけを完了しました。 (0x12B)
[0516/163318.521:WARNING:pe_image_reader.cc(340)] could not read dos header from C:\WINDOWS\SYSTEM32\USERENV.dll
[0516/163318.521:ERROR:process_memory_win.cc(73)] ReadMemory at 0x7ffd994b0000 of 64 bytes failed: ReadProcessMemory 要求または WriteProcessMemory 要求の一部だけを完了しました。 (0x12B)
[0516/163318.521:WARNING:pe_image_reader.cc(340)] could not read dos header from C:\WINDOWS\System32\profapi.dll
[0516/163318.521:ERROR:process_memory_win.cc(73)] ReadMemory at 0x7ffd6d740000 of 64 bytes failed: ReadProcessMemory 要求または WriteProcessMemory 要求の一部だけを完了しました。 (0x12B)
[0516/163318.521:WARNING:pe_image_reader.cc(340)] could not read dos header from C:\WINDOWS\SYSTEM32\UIAutomationCore.DLL
[0516/163318.521:ERROR:process_memory_win.cc(73)] ReadMemory at 0x7ffd77b10000 of 64 bytes failed: ReadProcessMemory 要求または WriteProcessMemory 要求の一部だけを完了しました。 (0x12B)
[0516/163318.521:WARNING:pe_image_reader.cc(340)] could not read dos header from C:\WINDOWS\SYSTEM32\DWrite.dll
[0516/163318.521:ERROR:process_memory_win.cc(73)] ReadMemory at 0x7ffd797b0000 of 64 bytes failed: ReadProcessMemory 要求または WriteProcessMemory 要求の一部だけを完了しました。 (0x12B)
[0516/163318.521:WARNING:pe_image_reader.cc(340)] could not read dos header from C:\WINDOWS\SYSTEM32\WINSPOOL.DRV
[0516/163318.521:ERROR:process_memory_win.cc(73)] ReadMemory at 0x7ffd99490000 of 64 bytes failed: ReadProcessMemory 要求または WriteProcessMemory 要求の一部だけを完了しました。 (0x12B)
[0516/163318.521:WARNING:pe_image_reader.cc(340)] could not read dos header from C:\WINDOWS\System32\kernel.appcore.dll
[0516/163318.521:ERROR:process_memory_win.cc(73)] ReadMemory at 0x7ffd9a610000 of 64 bytes failed: ReadProcessMemory 要求または WriteProcessMemory 要求の一部だけを完了しました。 (0x12B)
[0516/163318.521:WARNING:pe_image_reader.cc(340)] could not read dos header from C:\WINDOWS\System32\bcrypt.dll
[0516/163318.521:ERROR:process_memory_win.cc(73)] ReadMemory at 0x7ffd97e80000 of 64 bytes failed: ReadProcessMemory 要求または WriteProcessMemory 要求の一部だけを完了しました。 (0x12B)
[0516/163318.521:WARNING:pe_image_reader.cc(340)] could not read dos header from C:\WINDOWS\SYSTEM32\dbghelp.dll
[0516/163318.521:ERROR:process_memory_win.cc(73)] ReadMemory at 0x7ffd90550000 of 64 bytes failed: ReadProcessMemory 要求または WriteProcessMemory 要求の一部だけを完了しました。 (0x12B)
[0516/163318.521:WARNING:pe_image_reader.cc(340)] could not read dos header from C:\WINDOWS\SYSTEM32\WINHTTP.dll
[0516/163318.521:ERROR:process_memory_win.cc(73)] ReadMemory at 0x7ffd929d0000 of 64 bytes failed: ReadProcessMemory 要求または WriteProcessMemory 要求の一部だけを完了しました。 (0x12B)
[0516/163318.521:WARNING:pe_image_reader.cc(340)] could not read dos header from C:\WINDOWS\SYSTEM32\dhcpcsvc.DLL
[0516/163318.521:ERROR:process_memory_win.cc(73)] ReadMemory at 0x7ffd9b340000 of 64 bytes failed: ReadProcessMemory 要求または WriteProcessMemory 要求の一部だけを完了しました。 (0x12B)
[0516/163318.521:WARNING:pe_image_reader.cc(340)] could not read dos header from C:\WINDOWS\System32\NSI.dll
[0516/163318.521:ERROR:process_memory_win.cc(73)] ReadMemory at 0x7ffd8dd80000 of 64 bytes failed: ReadProcessMemory 要求または WriteProcessMemory 要求の一部だけを完了しました。 (0x12B)
[0516/163318.521:WARNING:pe_image_reader.cc(340)] could not read dos header from C:\WINDOWS\SYSTEM32\WINMMBASE.dll
[0516/163318.521:ERROR:process_memory_win.cc(73)] ReadMemory at 0x7ffd9a5a0000 of 64 bytes failed: ReadProcessMemory 要求または WriteProcessMemory 要求の一部だけを完了しました。 (0x12B)
[0516/163318.521:WARNING:pe_image_reader.cc(340)] could not read dos header from C:\WINDOWS\System32\cfgmgr32.dll
[0516/163318.521:ERROR:process_memory_win.cc(73)] ReadMemory at 0x7ffd95c90000 of 64 bytes failed: ReadProcessMemory 要求または WriteProcessMemory 要求の一部だけを完了しました。 (0x12B)
[0516/163318.521:WARNING:pe_image_reader.cc(340)] could not read dos header from C:\WINDOWS\SYSTEM32\PROPSYS.dll
[0516/163318.521:ERROR:process_memory_win.cc(73)] ReadMemory at 0x7ffd9b350000 of 64 bytes failed: ReadProcessMemory 要求または WriteProcessMemory 要求の一部だけを完了しました。 (0x12B)
[0516/163318.521:WARNING:pe_image_reader.cc(340)] could not read dos header from C:\WINDOWS\System32\shcore.dll
[0516/163318.521:ERROR:process_memory_win.cc(73)] ReadMemory at 0x7ffd99370000 of 64 bytes failed: ReadProcessMemory 要求または WriteProcessMemory 要求の一部だけを完了しました。 (0x12B)
[0516/163318.521:WARNING:pe_image_reader.cc(340)] could not read dos header from C:\WINDOWS\SYSTEM32\SSPICLI.DLL
[0516/163318.521:ERROR:process_memory_win.cc(73)] ReadMemory at 0x7ffd98ec0000 of 64 bytes failed: ReadProcessMemory 要求または WriteProcessMemory 要求の一部だけを完了しました。 (0x12B)
[0516/163318.521:WARNING:pe_image_reader.cc(340)] could not read dos header from C:\WINDOWS\SYSTEM32\CRYPTBASE.DLL
[0516/163318.525:ERROR:process_memory_win.cc(73)] ReadMemory at 0x7ff675e20000 of 64 bytes failed: ReadProcessMemory 要求または WriteProcessMemory 要求の一部だけを完了しました。 (0x12B)
[0516/163318.525:WARNING:pe_image_reader.cc(340)] could not read dos header from C:\Program Files (x86)\Google\Chrome\Application\chrome.exe
[0516/163318.525:ERROR:process_memory_win.cc(73)] ReadMemory at 0x7ffd9c5c0000 of 64 bytes failed: ReadProcessMemory 要求または WriteProcessMemory 要求の一部だけを完了しました。 (0x12B)
[0516/163318.525:WARNING:pe_image_reader.cc(340)] could not read dos header from C:\WINDOWS\SYSTEM32\ntdll.dll
[0516/163318.525:ERROR:process_memory_win.cc(73)] ReadMemory at 0x7ffd9b1d0000 of 64 bytes failed: ReadProcessMemory 要求または WriteProcessMemory 要求の一部だけを完了しました。 (0x12B)
[0516/163318.525:WARNING:pe_image_reader.cc(340)] could not read dos header from C:\WINDOWS\System32\KERNEL32.DLL
[0516/163318.525:ERROR:process_memory_win.cc(73)] ReadMemory at 0x7ffd995f0000 of 64 bytes failed: ReadProcessMemory 要求または WriteProcessMemory 要求の一部だけを完了しました。 (0x12B)
[0516/163318.525:WARNING:pe_image_reader.cc(340)] could not read dos header from C:\WINDOWS\System32\KERNELBASE.dll
[0516/163318.525:ERROR:process_memory_win.cc(73)] ReadMemory at 0x7ffd50470000 of 64 bytes failed: ReadProcessMemory 要求または WriteProcessMemory 要求の一部だけを完了しました。 (0x12B)
[0516/163318.525:WARNING:pe_image_reader.cc(340)] could not read dos header from C:\Program Files (x86)\Google\Chrome\Application\81.0.4044.138\chrome_elf.dll
[0516/163318.525:ERROR:process_memory_win.cc(73)] ReadMemory at 0x7ffd93e30000 of 64 bytes failed: ReadProcessMemory 要求または WriteProcessMemory 要求の一部だけを完了しました。 (0x12B)
[0516/163318.525:WARNING:pe_image_reader.cc(340)] could not read dos header from C:\WINDOWS\SYSTEM32\VERSION.dll
[0516/163318.525:ERROR:process_memory_win.cc(73)] ReadMemory at 0x7ffd9c160000 of 64 bytes failed: ReadProcessMemory 要求または WriteProcessMemory 要求の一部だけを完了しました。 (0x12B)
[0516/163318.525:WARNING:pe_image_reader.cc(340)] could not read dos header from C:\WINDOWS\System32\msvcrt.dll
[0516/163318.525:ERROR:process_memory_win.cc(73)] ReadMemory at 0x7ffd9a280000 of 64 bytes failed: ReadProcessMemory 要求または WriteProcessMemory 要求の一部だけを完了しました。 (0x12B)
[0516/163318.525:WARNING:pe_image_reader.cc(340)] could not read dos header from C:\WINDOWS\System32\bcryptPrimitives.dll
[0516/163318.525:ERROR:process_memory_win.cc(73)] ReadMemory at 0x18e56090000 of 64 bytes failed: ReadProcessMemory 要求または WriteProcessMemory 要求の一部だけを完了しました。 (0x12B)
[0516/163318.525:WARNING:pe_image_reader.cc(340)] could not read dos header from C:\WINDOWS\System32\ADVAPI32.dll
[0516/163318.525:ERROR:process_memory_win.cc(73)] ReadMemory at 0x7ffd9c410000 of 64 bytes failed: ReadProcessMemory 要求または WriteProcessMemory 要求の一部だけを完了しました。 (0x12B)
[0516/163318.525:WARNING:pe_image_reader.cc(340)] could not read dos header from C:\WINDOWS\System32\sechost.dll
[0516/163318.525:ERROR:process_memory_win.cc(73)] ReadMemory at 0x7ffd9b890000 of 64 bytes failed: ReadProcessMemory 要求または WriteProcessMemory 要求の一部だけを完了しました。 (0x12B)
[0516/163318.525:WARNING:pe_image_reader.cc(340)] could not read dos header from C:\WINDOWS\System32\RPCRT4.dll
[0516/163318.525:ERROR:process_memory_win.cc(73)] ReadMemory at 0x7ffd1e980000 of 64 bytes failed: ReadProcessMemory 要求または WriteProcessMemory 要求の一部だけを完了しました。 (0x12B)
[0516/163318.525:WARNING:pe_image_reader.cc(340)] could not read dos header from C:\Program Files (x86)\Google\Chrome\Application\81.0.4044.138\chrome.dll
[0516/163318.525:ERROR:process_memory_win.cc(73)] ReadMemory at 0x7ffd9b710000 of 64 bytes failed: ReadProcessMemory 要求または WriteProcessMemory 要求の一部だけを完了しました。 (0x12B)
[0516/163318.526:WARNING:pe_image_reader.cc(340)] could not read dos header from C:\WINDOWS\System32\WS2_32.dll
[0516/163318.526:ERROR:process_memory_win.cc(73)] ReadMemory at 0x7ffd9c4b0000 of 64 bytes failed: ReadProcessMemory 要求または WriteProcessMemory 要求の一部だけを完了しました。 (0x12B)
[0516/163318.526:WARNING:pe_image_reader.cc(340)] could not read dos header from C:\WINDOWS\System32\OLEAUT32.dll
[0516/163318.526:ERROR:process_memory_win.cc(73)] ReadMemory at 0x7ffd99550000 of 64 bytes failed: ReadProcessMemory 要求または WriteProcessMemory 要求の一部だけを完了しました。 (0x12B)
[0516/163318.526:WARNING:pe_image_reader.cc(340)] could not read dos header from C:\WINDOWS\System32\msvcp_win.dll
[0516/163318.526:ERROR:process_memory_win.cc(73)] ReadMemory at 0x7ffd9a4a0000 of 64 bytes failed: ReadProcessMemory 要求または WriteProcessMemory 要求の一部だけを完了しました。 (0x12B)
[0516/163318.526:WARNING:pe_image_reader.cc(340)] could not read dos header from C:\WINDOWS\System32\ucrtbase.dll
[0516/163318.526:ERROR:process_memory_win.cc(73)] ReadMemory at 0x7ffd9a720000 of 64 bytes failed: ReadProcessMemory 要求または WriteProcessMemory 要求の一部だけを完了しました。 (0x12B)
[0516/163318.526:WARNING:pe_image_reader.cc(340)] could not read dos header from C:\WINDOWS\System32\combase.dll
[0516/163318.526:ERROR:process_memory_win.cc(73)] ReadMemory at 0x7ffd998a0000 of 64 bytes failed: ReadProcessMemory 要求または WriteProcessMemory 要求の一部だけを完了しました。 (0x12B)
[0516/163318.526:WARNING:pe_image_reader.cc(340)] could not read dos header from C:\WINDOWS\System32\WINTRUST.dll
[0516/163318.526:ERROR:process_memory_win.cc(73)] ReadMemory at 0x7ffd994e0000 of 64 bytes failed: ReadProcessMemory 要求または WriteProcessMemory 要求の一部だけを完了しました。 (0x12B)
[0516/163318.526:WARNING:pe_image_reader.cc(340)] could not read dos header from C:\WINDOWS\System32\MSASN1.dll
[0516/163318.526:ERROR:process_memory_win.cc(73)] ReadMemory at 0x7ffd9a130000 of 64 bytes failed: ReadProcessMemory 要求または WriteProcessMemory 要求の一部だけを完了しました。 (0x12B)
[0516/163318.526:WARNING:pe_image_reader.cc(340)] could not read dos header from C:\WINDOWS\System32\CRYPT32.dll
[0516/163318.526:ERROR:process_memory_win.cc(73)] ReadMemory at 0x7ffd98a00000 of 64 bytes failed: ReadProcessMemory 要求または WriteProcessMemory 要求の一部だけを完了しました。 (0x12B)
[0516/163318.526:WARNING:pe_image_reader.cc(340)] could not read dos header from C:\WINDOWS\SYSTEM32\IPHLPAPI.DLL
[0516/163318.526:ERROR:process_memory_win.cc(73)] ReadMemory at 0x7ffd84610000 of 64 bytes failed: ReadProcessMemory 要求または WriteProcessMemory 要求の一部だけを完了しました。 (0x12B)
[0516/163318.526:WARNING:pe_image_reader.cc(340)] could not read dos header from C:\WINDOWS\SYSTEM32\WINMM.dll
[0516/163318.526:ERROR:process_memory_win.cc(73)] ReadMemory at 0x7ffd8bab0000 of 64 bytes failed: ReadProcessMemory 要求または WriteProcessMemory 要求の一部だけを完了しました。 (0x12B)
[0516/163318.526:WARNING:pe_image_reader.cc(340)] could not read dos header from C:\WINDOWS\SYSTEM32\Secur32.dll
[0516/163318.526:ERROR:process_memory_win.cc(73)] ReadMemory at 0x7ffd993a0000 of 64 bytes failed: ReadProcessMemory 要求または WriteProcessMemory 要求の一部だけを完了しました。 (0x12B)
[0516/163318.526:WARNING:pe_image_reader.cc(340)] could not read dos header from C:\WINDOWS\SYSTEM32\USERENV.dll
[0516/163318.526:ERROR:process_memory_win.cc(73)] ReadMemory at 0x7ffd994b0000 of 64 bytes failed: ReadProcessMemory 要求または WriteProcessMemory 要求の一部だけを完了しました。 (0x12B)
[0516/163318.526:WARNING:pe_image_reader.cc(340)] could not read dos header from C:\WINDOWS\System32\profapi.dll
[0516/163318.526:ERROR:process_memory_win.cc(73)] ReadMemory at 0x7ffd6d740000 of 64 bytes failed: ReadProcessMemory 要求または WriteProcessMemory 要求の一部だけを完了しました。 (0x12B)
[0516/163318.526:WARNING:pe_image_reader.cc(340)] could not read dos header from C:\WINDOWS\SYSTEM32\UIAutomationCore.DLL
[0516/163318.526:ERROR:process_memory_win.cc(73)] ReadMemory at 0x7ffd77b10000 of 64 bytes failed: ReadProcessMemory 要求または WriteProcessMemory 要求の一部だけを完了しました。 (0x12B)
[0516/163318.526:WARNING:pe_image_reader.cc(340)] could not read dos header from C:\WINDOWS\SYSTEM32\DWrite.dll
[0516/163318.526:ERROR:process_memory_win.cc(73)] ReadMemory at 0x7ffd797b0000 of 64 bytes failed: ReadProcessMemory 要求または WriteProcessMemory 要求の一部だけを完了しました。 (0x12B)
[0516/163318.526:WARNING:pe_image_reader.cc(340)] could not read dos header from C:\WINDOWS\SYSTEM32\WINSPOOL.DRV
[0516/163318.526:ERROR:process_memory_win.cc(73)] ReadMemory at 0x7ffd99490000 of 64 bytes failed: ReadProcessMemory 要求または WriteProcessMemory 要求の一部だけを完了しました。 (0x12B)
[0516/163318.526:WARNING:pe_image_reader.cc(340)] could not read dos header from C:\WINDOWS\System32\kernel.appcore.dll
[0516/163318.526:ERROR:process_memory_win.cc(73)] ReadMemory at 0x7ffd9a610000 of 64 bytes failed: ReadProcessMemory 要求または WriteProcessMemory 要求の一部だけを完了しました。 (0x12B)
[0516/163318.526:WARNING:pe_image_reader.cc(340)] could not read dos header from C:\WINDOWS\System32\bcrypt.dll
[0516/163318.526:ERROR:process_memory_win.cc(73)] ReadMemory at 0x7ffd97e80000 of 64 bytes failed: ReadProcessMemory 要求または WriteProcessMemory 要求の一部だけを完了しました。 (0x12B)
[0516/163318.526:WARNING:pe_image_reader.cc(340)] could not read dos header from C:\WINDOWS\SYSTEM32\dbghelp.dll
[0516/163318.526:ERROR:process_memory_win.cc(73)] ReadMemory at 0x7ffd90550000 of 64 bytes failed: ReadProcessMemory 要求または WriteProcessMemory 要求の一部だけを完了しました。 (0x12B)
[0516/163318.526:WARNING:pe_image_reader.cc(340)] could not read dos header from C:\WINDOWS\SYSTEM32\WINHTTP.dll
[0516/163318.526:ERROR:process_memory_win.cc(73)] ReadMemory at 0x7ffd929d0000 of 64 bytes failed: ReadProcessMemory 要求または WriteProcessMemory 要求の一部だけを完了しました。 (0x12B)
[0516/163318.526:WARNING:pe_image_reader.cc(340)] could not read dos header from C:\WINDOWS\SYSTEM32\dhcpcsvc.DLL
[0516/163318.526:ERROR:process_memory_win.cc(73)] ReadMemory at 0x7ffd9b340000 of 64 bytes failed: ReadProcessMemory 要求または WriteProcessMemory 要求の一部だけを完了しました。 (0x12B)
[0516/163318.526:WARNING:pe_image_reader.cc(340)] could not read dos header from C:\WINDOWS\System32\NSI.dll
[0516/163318.526:ERROR:process_memory_win.cc(73)] ReadMemory at 0x7ffd8dd80000 of 64 bytes failed: ReadProcessMemory 要求または WriteProcessMemory 要求の一部だけを完了しました。 (0x12B)
[0516/163318.526:WARNING:pe_image_reader.cc(340)] could not read dos header from C:\WINDOWS\SYSTEM32\WINMMBASE.dll
[0516/163318.526:ERROR:process_memory_win.cc(73)] ReadMemory at 0x7ffd9a5a0000 of 64 bytes failed: ReadProcessMemory 要求または WriteProcessMemory 要求の一部だけを完了しました。 (0x12B)
[0516/163318.526:WARNING:pe_image_reader.cc(340)] could not read dos header from C:\WINDOWS\System32\cfgmgr32.dll
[0516/163318.526:ERROR:process_memory_win.cc(73)] ReadMemory at 0x7ffd95c90000 of 64 bytes failed: ReadProcessMemory 要求または WriteProcessMemory 要求の一部だけを完了しました。 (0x12B)
[0516/163318.526:WARNING:pe_image_reader.cc(340)] could not read dos header from C:\WINDOWS\SYSTEM32\PROPSYS.dll
[0516/163318.527:ERROR:process_memory_win.cc(73)] ReadMemory at 0x7ffd9b350000 of 64 bytes failed: ReadProcessMemory 要求または WriteProcessMemory 要求の一部だけを完了しました。 (0x12B)
[0516/163318.527:WARNING:pe_image_reader.cc(340)] could not read dos header from C:\WINDOWS\System32\shcore.dll
[0516/163318.527:ERROR:process_memory_win.cc(73)] ReadMemory at 0x7ffd99370000 of 64 bytes failed: ReadProcessMemory 要求または WriteProcessMemory 要求の一部だけを完了しました。 (0x12B)
[0516/163318.527:WARNING:pe_image_reader.cc(340)] could not read dos header from C:\WINDOWS\SYSTEM32\SSPICLI.DLL
[0516/163318.527:ERROR:process_memory_win.cc(73)] ReadMemory at 0x7ffd98ec0000 of 64 bytes failed: ReadProcessMemory 要求または WriteProcessMemory 要求の一部だけを完了しました。 (0x12B)
[0516/163318.527:WARNING:pe_image_reader.cc(340)] could not read dos header from C:\WINDOWS\SYSTEM32\CRYPTBASE.DLL
[0516/163318.527:ERROR:process_memory_win.cc(73)] ReadMemory at 0x7ff675e20000 of 64 bytes failed: ReadProcessMemory 要求または WriteProcessMemory 要求の一部だけを完了しました。 (0x12B)
[0516/163318.527:WARNING:pe_image_reader.cc(340)] could not read dos header from C:\Program Files (x86)\Google\Chrome\Application\chrome.exe
[0516/163318.527:ERROR:process_memory_win.cc(73)] ReadMemory at 0x7ffd9c5c0000 of 64 bytes failed: ReadProcessMemory 要求または WriteProcessMemory 要求の一部だけを完了しました。 (0x12B)
[0516/163318.527:WARNING:pe_image_reader.cc(340)] could not read dos header from C:\WINDOWS\SYSTEM32\ntdll.dll
[0516/163318.527:ERROR:process_memory_win.cc(73)] ReadMemory at 0x7ffd9b1d0000 of 64 bytes failed: ReadProcessMemory 要求または WriteProcessMemory 要求の一部だけを完了しました。 (0x12B)
[0516/163318.527:WARNING:pe_image_reader.cc(340)] could not read dos header from C:\WINDOWS\System32\KERNEL32.DLL
[0516/163318.527:ERROR:process_memory_win.cc(73)] ReadMemory at 0x7ffd995f0000 of 64 bytes failed: ReadProcessMemory 要求または WriteProcessMemory 要求の一部だけを完了しました。 (0x12B)
[0516/163318.527:WARNING:pe_image_reader.cc(340)] could not read dos header from C:\WINDOWS\System32\KERNELBASE.dll
[0516/163318.527:ERROR:process_memory_win.cc(73)] ReadMemory at 0x7ffd50470000 of 64 bytes failed: ReadProcessMemory 要求または WriteProcessMemory 要求の一部だけを完了しました。 (0x12B)
[0516/163318.527:WARNING:pe_image_reader.cc(340)] could not read dos header from C:\Program Files (x86)\Google\Chrome\Application\81.0.4044.138\chrome_elf.dll
[0516/163318.527:ERROR:process_memory_win.cc(73)] ReadMemory at 0x7ffd93e30000 of 64 bytes failed: ReadProcessMemory 要求または WriteProcessMemory 要求の一部だけを完了しました。 (0x12B)
[0516/163318.527:WARNING:pe_image_reader.cc(340)] could not read dos header from C:\WINDOWS\SYSTEM32\VERSION.dll
[0516/163318.527:ERROR:process_memory_win.cc(73)] ReadMemory at 0x7ffd9c160000 of 64 bytes failed: ReadProcessMemory 要求または WriteProcessMemory 要求の一部だけを完了しました。 (0x12B)
[0516/163318.527:WARNING:pe_image_reader.cc(340)] could not read dos header from C:\WINDOWS\System32\msvcrt.dll
[0516/163318.527:ERROR:process_memory_win.cc(73)] ReadMemory at 0x7ffd9a280000 of 64 bytes failed: ReadProcessMemory 要求または WriteProcessMemory 要求の一部だけを完了しました。 (0x12B)
[0516/163318.527:WARNING:pe_image_reader.cc(340)] could not read dos header from C:\WINDOWS\System32\bcryptPrimitives.dll
[0516/163318.527:ERROR:process_memory_win.cc(73)] ReadMemory at 0x18e56090000 of 64 bytes failed: ReadProcessMemory 要求または WriteProcessMemory 要求の一部だけを完了しました。 (0x12B)
[0516/163318.527:WARNING:pe_image_reader.cc(340)] could not read dos header from C:\WINDOWS\System32\ADVAPI32.dll
[0516/163318.527:ERROR:process_memory_win.cc(73)] ReadMemory at 0x7ffd9c410000 of 64 bytes failed: ReadProcessMemory 要求または WriteProcessMemory 要求の一部だけを完了しました。 (0x12B)
[0516/163318.527:WARNING:pe_image_reader.cc(340)] could not read dos header from C:\WINDOWS\System32\sechost.dll
[0516/163318.527:ERROR:process_memory_win.cc(73)] ReadMemory at 0x7ffd9b890000 of 64 bytes failed: ReadProcessMemory 要求または WriteProcessMemory 要求の一部だけを完了しました。 (0x12B)
[0516/163318.527:WARNING:pe_image_reader.cc(340)] could not read dos header from C:\WINDOWS\System32\RPCRT4.dll
[0516/163318.527:ERROR:process_memory_win.cc(73)] ReadMemory at 0x7ffd1e980000 of 64 bytes failed: ReadProcessMemory 要求または WriteProcessMemory 要求の一部だけを完了しました。 (0x12B)
[0516/163318.527:WARNING:pe_image_reader.cc(340)] could not read dos header from C:\Program Files (x86)\Google\Chrome\Application\81.0.4044.138\chrome.dll
[0516/163318.527:ERROR:process_memory_win.cc(73)] ReadMemory at 0x7ffd9b710000 of 64 bytes failed: ReadProcessMemory 要求または WriteProcessMemory 要求の一部だけを完了しました。 (0x12B)
[0516/163318.527:WARNING:pe_image_reader.cc(340)] could not read dos header from C:\WINDOWS\System32\WS2_32.dll
[0516/163318.527:ERROR:process_memory_win.cc(73)] ReadMemory at 0x7ffd9c4b0000 of 64 bytes failed: ReadProcessMemory 要求または WriteProcessMemory 要求の一部だけを完了しました。 (0x12B)
[0516/163318.527:WARNING:pe_image_reader.cc(340)] could not read dos header from C:\WINDOWS\System32\OLEAUT32.dll
[0516/163318.527:ERROR:process_memory_win.cc(73)] ReadMemory at 0x7ffd99550000 of 64 bytes failed: ReadProcessMemory 要求または WriteProcessMemory 要求の一部だけを完了しました。 (0x12B)
[0516/163318.527:WARNING:pe_image_reader.cc(340)] could not read dos header from C:\WINDOWS\System32\msvcp_win.dll
[0516/163318.527:ERROR:process_memory_win.cc(73)] ReadMemory at 0x7ffd9a4a0000 of 64 bytes failed: ReadProcessMemory 要求または WriteProcessMemory 要求の一部だけを完了しました。 (0x12B)
[0516/163318.527:WARNING:pe_image_reader.cc(340)] could not read dos header from C:\WINDOWS\System32\ucrtbase.dll
[0516/163318.527:ERROR:process_memory_win.cc(73)] ReadMemory at 0x7ffd9a720000 of 64 bytes failed: ReadProcessMemory 要求または WriteProcessMemory 要求の一部だけを完了しました。 (0x12B)
[0516/163318.527:WARNING:pe_image_reader.cc(340)] could not read dos header from C:\WINDOWS\System32\combase.dll
[0516/163318.527:ERROR:process_memory_win.cc(73)] ReadMemory at 0x7ffd998a0000 of 64 bytes failed: ReadProcessMemory 要求または WriteProcessMemory 要求の一部だけを完了しました。 (0x12B)
[0516/163318.527:WARNING:pe_image_reader.cc(340)] could not read dos header from C:\WINDOWS\System32\WINTRUST.dll
[0516/163318.527:ERROR:process_memory_win.cc(73)] ReadMemory at 0x7ffd994e0000 of 64 bytes failed: ReadProcessMemory 要求または WriteProcessMemory 要求の一部だけを完了しました。 (0x12B)
[0516/163318.527:WARNING:pe_image_reader.cc(340)] could not read dos header from C:\WINDOWS\System32\MSASN1.dll
[0516/163318.527:ERROR:process_memory_win.cc(73)] ReadMemory at 0x7ffd9a130000 of 64 bytes failed: ReadProcessMemory 要求または WriteProcessMemory 要求の一部だけを完了しました。 (0x12B)
[0516/163318.527:WARNING:pe_image_reader.cc(340)] could not read dos header from C:\WINDOWS\System32\CRYPT32.dll
[0516/163318.527:ERROR:process_memory_win.cc(73)] ReadMemory at 0x7ffd98a00000 of 64 bytes failed: ReadProcessMemory 要求または WriteProcessMemory 要求の一部だけを完了しました。 (0x12B)
[0516/163318.527:WARNING:pe_image_reader.cc(340)] could not read dos header from C:\WINDOWS\SYSTEM32\IPHLPAPI.DLL
[0516/163318.527:ERROR:process_memory_win.cc(73)] ReadMemory at 0x7ffd84610000 of 64 bytes failed: ReadProcessMemory 要求または WriteProcessMemory 要求の一部だけを完了しました。 (0x12B)
[0516/163318.527:WARNING:pe_image_reader.cc(340)] could not read dos header from C:\WINDOWS\SYSTEM32\WINMM.dll
[0516/163318.528:ERROR:process_memory_win.cc(73)] ReadMemory at 0x7ffd8bab0000 of 64 bytes failed: ReadProcessMemory 要求または WriteProcessMemory 要求の一部だけを完了しました。 (0x12B)
[0516/163318.528:WARNING:pe_image_reader.cc(340)] could not read dos header from C:\WINDOWS\SYSTEM32\Secur32.dll
[0516/163318.528:ERROR:process_memory_win.cc(73)] ReadMemory at 0x7ffd993a0000 of 64 bytes failed: ReadProcessMemory 要求または WriteProcessMemory 要求の一部だけを完了しました。 (0x12B)
[0516/163318.528:WARNING:pe_image_reader.cc(340)] could not read dos header from C:\WINDOWS\SYSTEM32\USERENV.dll
[0516/163318.528:ERROR:process_memory_win.cc(73)] ReadMemory at 0x7ffd994b0000 of 64 bytes failed: ReadProcessMemory 要求または WriteProcessMemory 要求の一部だけを完了しました。 (0x12B)
[0516/163318.528:WARNING:pe_image_reader.cc(340)] could not read dos header from C:\WINDOWS\System32\profapi.dll
[0516/163318.528:ERROR:process_memory_win.cc(73)] ReadMemory at 0x7ffd6d740000 of 64 bytes failed: ReadProcessMemory 要求または WriteProcessMemory 要求の一部だけを完了しました。 (0x12B)
[0516/163318.528:WARNING:pe_image_reader.cc(340)] could not read dos header from C:\WINDOWS\SYSTEM32\UIAutomationCore.DLL
[0516/163318.528:ERROR:process_memory_win.cc(73)] ReadMemory at 0x7ffd77b10000 of 64 bytes failed: ReadProcessMemory 要求または WriteProcessMemory 要求の一部だけを完了しました。 (0x12B)
[0516/163318.528:WARNING:pe_image_reader.cc(340)] could not read dos header from C:\WINDOWS\SYSTEM32\DWrite.dll
[0516/163318.528:ERROR:process_memory_win.cc(73)] ReadMemory at 0x7ffd797b0000 of 64 bytes failed: ReadProcessMemory 要求または WriteProcessMemory 要求の一部だけを完了しました。 (0x12B)
[0516/163318.528:WARNING:pe_image_reader.cc(340)] could not read dos header from C:\WINDOWS\SYSTEM32\WINSPOOL.DRV
[0516/163318.528:ERROR:process_memory_win.cc(73)] ReadMemory at 0x7ffd99490000 of 64 bytes failed: ReadProcessMemory 要求または WriteProcessMemory 要求の一部だけを完了しました。 (0x12B)
[0516/163318.528:WARNING:pe_image_reader.cc(340)] could not read dos header from C:\WINDOWS\System32\kernel.appcore.dll
[0516/163318.528:ERROR:process_memory_win.cc(73)] ReadMemory at 0x7ffd9a610000 of 64 bytes failed: ReadProcessMemory 要求または WriteProcessMemory 要求の一部だけを完了しました。 (0x12B)
[0516/163318.528:WARNING:pe_image_reader.cc(340)] could not read dos header from C:\WINDOWS\System32\bcrypt.dll
[0516/163318.528:ERROR:process_memory_win.cc(73)] ReadMemory at 0x7ffd97e80000 of 64 bytes failed: ReadProcessMemory 要求または WriteProcessMemory 要求の一部だけを完了しました。 (0x12B)
[0516/163318.528:WARNING:pe_image_reader.cc(340)] could not read dos header from C:\WINDOWS\SYSTEM32\dbghelp.dll
[0516/163318.528:ERROR:process_memory_win.cc(73)] ReadMemory at 0x7ffd90550000 of 64 bytes failed: ReadProcessMemory 要求または WriteProcessMemory 要求の一部だけを完了しました。 (0x12B)
[0516/163318.528:WARNING:pe_image_reader.cc(340)] could not read dos header from C:\WINDOWS\SYSTEM32\WINHTTP.dll
[0516/163318.528:ERROR:process_memory_win.cc(73)] ReadMemory at 0x7ffd929d0000 of 64 bytes failed: ReadProcessMemory 要求または WriteProcessMemory 要求の一部だけを完了しました。 (0x12B)
[0516/163318.528:WARNING:pe_image_reader.cc(340)] could not read dos header from C:\WINDOWS\SYSTEM32\dhcpcsvc.DLL
[0516/163318.528:ERROR:process_memory_win.cc(73)] ReadMemory at 0x7ffd9b340000 of 64 bytes failed: ReadProcessMemory 要求または WriteProcessMemory 要求の一部だけを完了しました。 (0x12B)
[0516/163318.528:WARNING:pe_image_reader.cc(340)] could not read dos header from C:\WINDOWS\System32\NSI.dll
[0516/163318.528:ERROR:process_memory_win.cc(73)] ReadMemory at 0x7ffd8dd80000 of 64 bytes failed: ReadProcessMemory 要求または WriteProcessMemory 要求の一部だけを完了しました。 (0x12B)
[0516/163318.528:WARNING:pe_image_reader.cc(340)] could not read dos header from C:\WINDOWS\SYSTEM32\WINMMBASE.dll
[0516/163318.528:ERROR:process_memory_win.cc(73)] ReadMemory at 0x7ffd9a5a0000 of 64 bytes failed: ReadProcessMemory 要求または WriteProcessMemory 要求の一部だけを完了しました。 (0x12B)
[0516/163318.528:WARNING:pe_image_reader.cc(340)] could not read dos header from C:\WINDOWS\System32\cfgmgr32.dll
[0516/163318.528:ERROR:process_memory_win.cc(73)] ReadMemory at 0x7ffd95c90000 of 64 bytes failed: ReadProcessMemory 要求または WriteProcessMemory 要求の一部だけを完了しました。 (0x12B)
[0516/163318.528:WARNING:pe_image_reader.cc(340)] could not read dos header from C:\WINDOWS\SYSTEM32\PROPSYS.dll
[0516/163318.528:ERROR:process_memory_win.cc(73)] ReadMemory at 0x7ffd9b350000 of 64 bytes failed: ReadProcessMemory 要求または WriteProcessMemory 要求の一部だけを完了しました。 (0x12B)
[0516/163318.528:WARNING:pe_image_reader.cc(340)] could not read dos header from C:\WINDOWS\System32\shcore.dll
[0516/163318.528:ERROR:process_memory_win.cc(73)] ReadMemory at 0x7ffd99370000 of 64 bytes failed: ReadProcessMemory 要求または WriteProcessMemory 要求の一部だけを完了しました。 (0x12B)
[0516/163318.528:WARNING:pe_image_reader.cc(340)] could not read dos header from C:\WINDOWS\SYSTEM32\SSPICLI.DLL
[0516/163318.528:ERROR:process_memory_win.cc(73)] ReadMemory at 0x7ffd98ec0000 of 64 bytes failed: ReadProcessMemory 要求または WriteProcessMemory 要求の一部だけを完了しました。 (0x12B)
[0516/163318.528:WARNING:pe_image_reader.cc(340)] could not read dos header from C:\WINDOWS\SYSTEM32\CRYPTBASE.DLL
[0516/163318.535:ERROR:process_memory_win.cc(73)] ReadMemory at 0x63ec9eb000 of 86016 bytes failed: ReadProcessMemory 要求または WriteProcessMemory 要求の一部だけを完了しました。 (0x12B)
[0516/163318.535:ERROR:process_memory_win.cc(73)] ReadMemory at 0x63ed1fd000 of 12288 bytes failed: ReadProcessMemory 要求または WriteProcessMemory 要求の一部だけを完了しました。 (0x12B)
[0516/163318.535:ERROR:process_memory_win.cc(73)] ReadMemory at 0x63ed9fc000 of 16384 bytes failed: ReadProcessMemory 要求または WriteProcessMemory 要求の一部だけを完了しました。 (0x12B)
[0516/163318.535:ERROR:process_memory_win.cc(73)] ReadMemory at 0x63ee1fc000 of 16384 bytes failed: ReadProcessMemory 要求または WriteProcessMemory 要求の一部だけを完了しました。 (0x12B)
[0516/163318.535:ERROR:process_memory_win.cc(73)] ReadMemory at 0x63ee9fc000 of 16384 bytes failed: ReadProcessMemory 要求または WriteProcessMemory 要求の一部だけを完了しました。 (0x12B)
[0516/163318.535:ERROR:process_memory_win.cc(73)] ReadMemory at 0x63ef1fe000 of 8192 bytes failed: ReadProcessMemory 要求または WriteProcessMemory 要求の一部だけを完了しました。 (0x12B)
[0516/163318.535:ERROR:process_memory_win.cc(73)] ReadMemory at 0x63ef9fd000 of 12288 bytes failed: ReadProcessMemory 要求または WriteProcessMemory 要求の一部だけを完了しました。 (0x12B)
[0516/163318.536:ERROR:process_memory_win.cc(73)] ReadMemory at 0x63f01fb000 of 20480 bytes failed: ReadProcessMemory 要求または WriteProcessMemory 要求の一部だけを完了しました。 (0x12B)
[0516/163318.536:ERROR:process_memory_win.cc(73)] ReadMemory at 0x63f11fd000 of 12288 bytes failed: ReadProcessMemory 要求または WriteProcessMemory 要求の一部だけを完了しました。 (0x12B)
[0516/163318.536:ERROR:process_memory_win.cc(73)] ReadMemory at 0x63f19f9000 of 28672 bytes failed: ReadProcessMemory 要求または WriteProcessMemory 要求の一部だけを完了しました。 (0x12B)
[0516/163318.536:ERROR:process_memory_win.cc(73)] ReadMemory at 0x63f21f6000 of 40960 bytes failed: ReadProcessMemory 要求または WriteProcessMemory 要求の一部だけを完了しました。 (0x12B)
[0516/163318.536:ERROR:process_memory_win.cc(73)] ReadMemory at 0x63f29f5000 of 45056 bytes failed: ReadProcessMemory 要求または WriteProcessMemory 要求の一部だけを完了しました。 (0x12B)
[0516/163318.536:ERROR:process_memory_win.cc(73)] ReadMemory at 0x63f31f6000 of 40960 bytes failed: ReadProcessMemory 要求または WriteProcessMemory 要求の一部だけを完了しました。 (0x12B)
[0516/163318.536:ERROR:process_memory_win.cc(73)] ReadMemory at 0x63f39fd000 of 12288 bytes failed: ReadProcessMemory 要求または WriteProcessMemory 要求の一部だけを完了しました。 (0x12B)
[0516/163318.536:ERROR:process_memory_win.cc(73)] ReadMemory at 0x63f41fc000 of 16384 bytes failed: ReadProcessMemory 要求または WriteProcessMemory 要求の一部だけを完了しました。 (0x12B)
[0516/163318.536:ERROR:process_memory_win.cc(73)] ReadMemory at 0x63f49fd000 of 12288 bytes failed: ReadProcessMemory 要求または WriteProcessMemory 要求の一部だけを完了しました。 (0x12B)
[0516/163318.536:ERROR:process_memory_win.cc(73)] ReadMemory at 0x63f51fd000 of 12288 bytes failed: ReadProcessMemory 要求または WriteProcessMemory 要求の一部だけを完了しました。 (0x12B)
[0516/163318.536:ERROR:process_memory_win.cc(73)] ReadMemory at 0x63f59fd000 of 12288 bytes failed: ReadProcessMemory 要求または WriteProcessMemory 要求の一部だけを完了しました。 (0x12B)
[0516/163318.536:ERROR:process_memory_win.cc(73)] ReadMemory at 0x63f61fd000 of 12288 bytes failed: ReadProcessMemory 要求または WriteProcessMemory 要求の一部だけを完了しました。 (0x12B)
[0516/163318.536:ERROR:process_memory_win.cc(73)] ReadMemory at 0x63f69fd000 of 12288 bytes failed: ReadProcessMemory 要求または WriteProcessMemory 要求の一部だけを完了しました。 (0x12B)
[0516/163318.536:ERROR:process_memory_win.cc(73)] ReadMemory at 0x63ec110000 of 852 bytes failed: ReadProcessMemory 要求または WriteProcessMemory 要求の一部だけを完了しました。 (0x12B)
[0516/163318.536:ERROR:process_memory_win.cc(73)] ReadMemory at 0x63ec111000 of 6024 bytes failed: ReadProcessMemory 要求または WriteProcessMemory 要求の一部だけを完了しました。 (0x12B)
[0516/163318.536:ERROR:process_memory_win.cc(73)] ReadMemory at 0x63ec113000 of 6024 bytes failed: ReadProcessMemory 要求または WriteProcessMemory 要求の一部だけを完了しました。 (0x12B)
[0516/163318.536:ERROR:process_memory_win.cc(73)] ReadMemory at 0x63ec115000 of 6024 bytes failed: ReadProcessMemory 要求または WriteProcessMemory 要求の一部だけを完了しました。 (0x12B)
[0516/163318.537:ERROR:process_memory_win.cc(73)] ReadMemory at 0x63ec117000 of 6024 bytes failed: ReadProcessMemory 要求または WriteProcessMemory 要求の一部だけを完了しました。 (0x12B)
[0516/163318.537:ERROR:process_memory_win.cc(73)] ReadMemory at 0x63ec119000 of 6024 bytes failed: ReadProcessMemory 要求または WriteProcessMemory 要求の一部だけを完了しました。 (0x12B)
[0516/163318.537:ERROR:process_memory_win.cc(73)] ReadMemory at 0x63ec11b000 of 6024 bytes failed: ReadProcessMemory 要求または WriteProcessMemory 要求の一部だけを完了しました。 (0x12B)
[0516/163318.537:ERROR:process_memory_win.cc(73)] ReadMemory at 0x63ec11d000 of 6024 bytes failed: ReadProcessMemory 要求または WriteProcessMemory 要求の一部だけを完了しました。 (0x12B)
[0516/163318.537:ERROR:process_memory_win.cc(73)] ReadMemory at 0x63ec11f000 of 6024 bytes failed: ReadProcessMemory 要求または WriteProcessMemory 要求の一部だけを完了しました。 (0x12B)
[0516/163318.537:ERROR:process_memory_win.cc(73)] ReadMemory at 0x63ec123000 of 6024 bytes failed: ReadProcessMemory 要求または WriteProcessMemory 要求の一部だけを完了しました。 (0x12B)
[0516/163318.537:ERROR:process_memory_win.cc(73)] ReadMemory at 0x63ec125000 of 6024 bytes failed: ReadProcessMemory 要求または WriteProcessMemory 要求の一部だけを完了しました。 (0x12B)
[0516/163318.537:ERROR:process_memory_win.cc(73)] ReadMemory at 0x63ec127000 of 6024 bytes failed: ReadProcessMemory 要求または WriteProcessMemory 要求の一部だけを完了しました。 (0x12B)
[0516/163318.537:ERROR:process_memory_win.cc(73)] ReadMemory at 0x63ec129000 of 6024 bytes failed: ReadProcessMemory 要求または WriteProcessMemory 要求の一部だけを完了しました。 (0x12B)
[0516/163318.537:ERROR:process_memory_win.cc(73)] ReadMemory at 0x63ec12b000 of 6024 bytes failed: ReadProcessMemory 要求または WriteProcessMemory 要求の一部だけを完了しました。 (0x12B)
[0516/163318.537:ERROR:process_memory_win.cc(73)] ReadMemory at 0x63ec12d000 of 6024 bytes failed: ReadProcessMemory 要求または WriteProcessMemory 要求の一部だけを完了しました。 (0x12B)
[0516/163318.537:ERROR:process_memory_win.cc(73)] ReadMemory at 0x63ec12f000 of 6024 bytes failed: ReadProcessMemory 要求または WriteProcessMemory 要求の一部だけを完了しました。 (0x12B)
[0516/163318.537:ERROR:process_memory_win.cc(73)] ReadMemory at 0x63ec131000 of 6024 bytes failed: ReadProcessMemory 要求または WriteProcessMemory 要求の一部だけを完了しました。 (0x12B)
[0516/163318.537:ERROR:process_memory_win.cc(73)] ReadMemory at 0x63ec133000 of 6024 bytes failed: ReadProcessMemory 要求または WriteProcessMemory 要求の一部だけを完了しました。 (0x12B)
[0516/163318.537:ERROR:process_memory_win.cc(73)] ReadMemory at 0x63ec135000 of 6024 bytes failed: ReadProcessMemory 要求または WriteProcessMemory 要求の一部だけを完了しました。 (0x12B)
[0516/163318.537:ERROR:process_memory_win.cc(73)] ReadMemory at 0x63ec137000 of 6024 bytes failed: ReadProcessMemory 要求または WriteProcessMemory 要求の一部だけを完了しました。 (0x12B)
[0516/163318.537:ERROR:process_memory_win.cc(73)] ReadMemory at 0x63ec139000 of 6024 bytes failed: ReadProcessMemory 要求または WriteProcessMemory 要求の一部だけを完了しました。 (0x12B)
[0516/163318.537:ERROR:process_memory_win.cc(73)] ReadMemory at 0x18e55ac0fe0 of 3980 bytes failed: ReadProcessMemory 要求または WriteProcessMemory 要求の一部だけを完了しました。 (0x12B)
[0516/163318.537:ERROR:process_memory_win.cc(73)] ReadMemory at 0x18e55ac1f80 of 1012 bytes failed: ReadProcessMemory 要求または WriteProcessMemory 要求の一部だけを完了しました。 (0x12B)
[0516/163318.537:ERROR:process_memory_win.cc(73)] ReadMemory at 0x18e55ac25c8 of 118 bytes failed: ReadProcessMemory 要求または WriteProcessMemory 要求の一部だけを完了しました。 (0x12B)
[0516/163318.537:ERROR:process_memory_win.cc(73)] ReadMemory at 0x18e55ac2640 of 750 bytes failed: ReadProcessMemory 要求または WriteProcessMemory 要求の一部だけを完了しました。 (0x12B)
[0516/163318.537:ERROR:process_memory_win.cc(73)] ReadMemory at 0x18e55ac2930 of 118 bytes failed: ReadProcessMemory 要求または WriteProcessMemory 要求の一部だけを完了しました。 (0x12B)
[0516/163318.537:ERROR:process_memory_win.cc(73)] ReadMemory at 0x18e55ac29a8 of 100 bytes failed: ReadProcessMemory 要求または WriteProcessMemory 要求の一部だけを完了しました。 (0x12B)
[0516/163318.538:ERROR:process_memory_win.cc(73)] ReadMemory at 0x18e55ac2a20 of 58 bytes failed: ReadProcessMemory 要求または WriteProcessMemory 要求の一部だけを完了しました。 (0x12B)
[0516/163318.538:ERROR:process_memory_win.cc(73)] ReadMemory at 0x18e55ac2b20 of 132 bytes failed: ReadProcessMemory 要求または WriteProcessMemory 要求の一部だけを完了しました。 (0x12B)
[0516/163318.538:ERROR:process_memory_win.cc(73)] ReadMemory at 0x18e55ac2cb0 of 132 bytes failed: ReadProcessMemory 要求または WriteProcessMemory 要求の一部だけを完了しました。 (0x12B)
[0516/163318.538:ERROR:process_memory_win.cc(73)] ReadMemory at 0x18e55ac2e70 of 126 bytes failed: ReadProcessMemory 要求または WriteProcessMemory 要求の一部だけを完了しました。 (0x12B)
[0516/163318.538:ERROR:process_memory_win.cc(73)] ReadMemory at 0x18e55ac3250 of 132 bytes failed: ReadProcessMemory 要求または WriteProcessMemory 要求の一部だけを完了しました。 (0x12B)
[0516/163318.538:ERROR:process_memory_win.cc(73)] ReadMemory at 0x18e55ac33e0 of 64 bytes failed: ReadProcessMemory 要求または WriteProcessMemory 要求の一部だけを完了しました。 (0x12B)
[0516/163318.538:ERROR:process_memory_win.cc(73)] ReadMemory at 0x18e55ac35a0 of 132 bytes failed: ReadProcessMemory 要求または WriteProcessMemory 要求の一部だけを完了しました。 (0x12B)
[0516/163318.538:ERROR:process_memory_win.cc(73)] ReadMemory at 0x18e55ac3840 of 132 bytes failed: ReadProcessMemory 要求または WriteProcessMemory 要求の一部だけを完了しました。 (0x12B)
[0516/163318.538:ERROR:process_memory_win.cc(73)] ReadMemory at 0x18e55ac39d0 of 68 bytes failed: ReadProcessMemory 要求または WriteProcessMemory 要求の一部だけを完了しました。 (0x12B)
[0516/163318.538:ERROR:process_memory_win.cc(73)] ReadMemory at 0x18e55ac4a30 of 132 bytes failed: ReadProcessMemory 要求または WriteProcessMemory 要求の一部だけを完了しました。 (0x12B)
[0516/163318.538:ERROR:process_memory_win.cc(73)] ReadMemory at 0x18e55ac4bc0 of 154 bytes failed: ReadProcessMemory 要求または WriteProcessMemory 要求の一部だけを完了しました。 (0x12B)
[0516/163318.538:ERROR:process_memory_win.cc(73)] ReadMemory at 0x18e55ac59a0 of 62 bytes failed: ReadProcessMemory 要求または WriteProcessMemory 要求の一部だけを完了しました。 (0x12B)
[0516/163318.538:ERROR:process_memory_win.cc(73)] ReadMemory at 0x18e55ac59f0 of 132 bytes failed: ReadProcessMemory 要求または WriteProcessMemory 要求の一部だけを完了しました。 (0x12B)
[0516/163318.538:ERROR:process_memory_win.cc(73)] ReadMemory at 0x18e55ac5b90 of 132 bytes failed: ReadProcessMemory 要求または WriteProcessMemory 要求の一部だけを完了しました。 (0x12B)
[0516/163318.538:ERROR:process_memory_win.cc(73)] ReadMemory at 0x18e55ac5cc0 of 60 bytes failed: ReadProcessMemory 要求または WriteProcessMemory 要求の一部だけを完了しました。 (0x12B)
[0516/163318.538:ERROR:process_memory_win.cc(73)] ReadMemory at 0x18e55ac79e0 of 132 bytes failed: ReadProcessMemory 要求または WriteProcessMemory 要求の一部だけを完了しました。 (0x12B)
[0516/163318.538:ERROR:process_memory_win.cc(73)] ReadMemory at 0x18e55ac7b10 of 132 bytes failed: ReadProcessMemory 要求または WriteProcessMemory 要求の一部だけを完了しました。 (0x12B)
[0516/163318.538:ERROR:process_memory_win.cc(73)] ReadMemory at 0x18e55ac7d30 of 132 bytes failed: ReadProcessMemory 要求または WriteProcessMemory 要求の一部だけを完了しました。 (0x12B)
[0516/163318.538:ERROR:process_memory_win.cc(73)] ReadMemory at 0x18e55ac7f90 of 132 bytes failed: ReadProcessMemory 要求または WriteProcessMemory 要求の一部だけを完了しました。 (0x12B)
[0516/163318.538:ERROR:process_memory_win.cc(73)] ReadMemory at 0x18e55ac8120 of 80 bytes failed: ReadProcessMemory 要求または WriteProcessMemory 要求の一部だけを完了しました。 (0x12B)
[0516/163318.538:ERROR:process_memory_win.cc(73)] ReadMemory at 0x18e55aca6e0 of 64 bytes failed: ReadProcessMemory 要求または WriteProcessMemory 要求の一部だけを完了しました。 (0x12B)
[0516/163318.538:ERROR:process_memory_win.cc(73)] ReadMemory at 0x18e55aca910 of 60 bytes failed: ReadProcessMemory 要求または WriteProcessMemory 要求の一部だけを完了しました。 (0x12B)
[0516/163318.539:ERROR:process_memory_win.cc(73)] ReadMemory at 0x18e55aca9b0 of 66 bytes failed: ReadProcessMemory 要求または WriteProcessMemory 要求の一部だけを完了しました。 (0x12B)
[0516/163318.539:ERROR:process_memory_win.cc(73)] ReadMemory at 0x18e55acaaf0 of 64 bytes failed: ReadProcessMemory 要求または WriteProcessMemory 要求の一部だけを完了しました。 (0x12B)
[0516/163318.539:ERROR:process_memory_win.cc(73)] ReadMemory at 0x18e55acab90 of 62 bytes failed: ReadProcessMemory 要求または WriteProcessMemory 要求の一部だけを完了しました。 (0x12B)
[0516/163318.539:ERROR:process_memory_win.cc(73)] ReadMemory at 0x18e55acabe0 of 64 bytes failed: ReadProcessMemory 要求または WriteProcessMemory 要求の一部だけを完了しました。 (0x12B)
[0516/163318.539:ERROR:process_memory_win.cc(73)] ReadMemory at 0x18e55acac80 of 62 bytes failed: ReadProcessMemory 要求または WriteProcessMemory 要求の一部だけを完了しました。 (0x12B)
[0516/163318.539:ERROR:process_memory_win.cc(73)] ReadMemory at 0x18e55acacd0 of 60 bytes failed: ReadProcessMemory 要求または WriteProcessMemory 要求の一部だけを完了しました。 (0x12B)
[0516/163318.539:ERROR:process_memory_win.cc(73)] ReadMemory at 0x18e55acad20 of 64 bytes failed: ReadProcessMemory 要求または WriteProcessMemory 要求の一部だけを完了しました。 (0x12B)
[0516/163318.539:ERROR:process_memory_win.cc(73)] ReadMemory at 0x18e55acb2a0 of 132 bytes failed: ReadProcessMemory 要求または WriteProcessMemory 要求の一部だけを完了しました。 (0x12B)
[0516/163318.539:ERROR:process_memory_win.cc(73)] ReadMemory at 0x18e55acb3d0 of 132 bytes failed: ReadProcessMemory 要求または WriteProcessMemory 要求の一部だけを完了しました。 (0x12B)
[0516/163318.539:ERROR:process_memory_win.cc(73)] ReadMemory at 0x18e55acb500 of 132 bytes failed: ReadProcessMemory 要求または WriteProcessMemory 要求の一部だけを完了しました。 (0x12B)
[0516/163318.539:ERROR:process_memory_win.cc(73)] ReadMemory at 0x18e55acb630 of 132 bytes failed: ReadProcessMemory 要求または WriteProcessMemory 要求の一部だけを完了しました。 (0x12B)
[0516/163318.539:ERROR:process_memory_win.cc(73)] ReadMemory at 0x18e55acb760 of 132 bytes failed: ReadProcessMemory 要求または WriteProcessMemory 要求の一部だけを完了しました。 (0x12B)
[0516/163318.539:ERROR:process_memory_win.cc(73)] ReadMemory at 0x18e55acb9c0 of 132 bytes failed: ReadProcessMemory 要求または WriteProcessMemory 要求の一部だけを完了しました。 (0x12B)
[0516/163318.539:ERROR:process_memory_win.cc(73)] ReadMemory at 0x18e55acbaf0 of 132 bytes failed: ReadProcessMemory 要求または WriteProcessMemory 要求の一部だけを完了しました。 (0x12B)
[0516/163318.539:ERROR:process_memory_win.cc(73)] ReadMemory at 0x18e55acbc20 of 132 bytes failed: ReadProcessMemory 要求または WriteProcessMemory 要求の一部だけを完了しました。 (0x12B)
[0516/163318.539:ERROR:process_memory_win.cc(73)] ReadMemory at 0x18e55acbd50 of 132 bytes failed: ReadProcessMemory 要求または WriteProcessMemory 要求の一部だけを完了しました。 (0x12B)
[0516/163318.539:ERROR:process_memory_win.cc(73)] ReadMemory at 0x18e55acbe80 of 132 bytes failed: ReadProcessMemory 要求または WriteProcessMemory 要求の一部だけを完了しました。 (0x12B)
[0516/163318.539:ERROR:process_memory_win.cc(73)] ReadMemory at 0x18e55acbfb0 of 132 bytes failed: ReadProcessMemory 要求または WriteProcessMemory 要求の一部だけを完了しました。 (0x12B)
[0516/163318.539:ERROR:process_memory_win.cc(73)] ReadMemory at 0x18e55acc0e0 of 132 bytes failed: ReadProcessMemory 要求または WriteProcessMemory 要求の一部だけを完了しました。 (0x12B)
[0516/163318.539:ERROR:process_memory_win.cc(73)] ReadMemory at 0x18e55acc5b0 of 80 bytes failed: ReadProcessMemory 要求または WriteProcessMemory 要求の一部だけを完了しました。 (0x12B)
[0516/163318.539:ERROR:process_memory_win.cc(73)] ReadMemory at 0x18e55acd150 of 76 bytes failed: ReadProcessMemory 要求または WriteProcessMemory 要求の一部だけを完了しました。 (0x12B)
[0516/163318.539:ERROR:process_memory_win.cc(73)] ReadMemory at 0x18e55ace1e0 of 132 bytes failed: ReadProcessMemory 要求または WriteProcessMemory 要求の一部だけを完了しました。 (0x12B)
[0516/163318.540:ERROR:process_memory_win.cc(73)] ReadMemory at 0x18e55ace720 of 132 bytes failed: ReadProcessMemory 要求または WriteProcessMemory 要求の一部だけを完了しました。 (0x12B)
[0516/163318.540:ERROR:process_memory_win.cc(73)] ReadMemory at 0x18e55acf8e0 of 132 bytes failed: ReadProcessMemory 要求または WriteProcessMemory 要求の一部だけを完了しました。 (0x12B)
[0516/163318.540:ERROR:process_memory_win.cc(73)] ReadMemory at 0x18e55acfaf0 of 132 bytes failed: ReadProcessMemory 要求または WriteProcessMemory 要求の一部だけを完了しました。 (0x12B)
[0516/163318.540:ERROR:process_memory_win.cc(73)] ReadMemory at 0x18e55ad1320 of 132 bytes failed: ReadProcessMemory 要求または WriteProcessMemory 要求の一部だけを完了しました。 (0x12B)
[0516/163318.540:ERROR:process_memory_win.cc(73)] ReadMemory at 0x18e55ad15e0 of 146 bytes failed: ReadProcessMemory 要求または WriteProcessMemory 要求の一部だけを完了しました。 (0x12B)
[0516/163318.540:ERROR:process_memory_win.cc(73)] ReadMemory at 0x18e55ad3220 of 54 bytes failed: ReadProcessMemory 要求または WriteProcessMemory 要求の一部だけを完了しました。 (0x12B)
[0516/163318.540:ERROR:process_memory_win.cc(73)] ReadMemory at 0x18e55ad4bf0 of 60 bytes failed: ReadProcessMemory 要求または WriteProcessMemory 要求の一部だけを完了しました。 (0x12B)
[0516/163318.540:ERROR:process_memory_win.cc(73)] ReadMemory at 0x18e55ad4c40 of 66 bytes failed: ReadProcessMemory 要求または WriteProcessMemory 要求の一部だけを完了しました。 (0x12B)
[0516/163318.540:ERROR:process_memory_win.cc(73)] ReadMemory at 0x18e55ad4c90 of 64 bytes failed: ReadProcessMemory 要求または WriteProcessMemory 要求の一部だけを完了しました。 (0x12B)
[0516/163318.540:ERROR:process_memory_win.cc(73)] ReadMemory at 0x18e55ad4ce0 of 62 bytes failed: ReadProcessMemory 要求または WriteProcessMemory 要求の一部だけを完了しました。 (0x12B)
[0516/163318.540:ERROR:process_memory_win.cc(73)] ReadMemory at 0x18e55ad4d80 of 62 bytes failed: ReadProcessMemory 要求または WriteProcessMemory 要求の一部だけを完了しました。 (0x12B)
[0516/163318.540:ERROR:process_memory_win.cc(73)] ReadMemory at 0x18e55ad4f60 of 62 bytes failed: ReadProcessMemory 要求または WriteProcessMemory 要求の一部だけを完了しました。 (0x12B)
[0516/163318.540:ERROR:process_memory_win.cc(73)] ReadMemory at 0x18e55ad4fb0 of 58 bytes failed: ReadProcessMemory 要求または WriteProcessMemory 要求の一部だけを完了しました。 (0x12B)
[0516/163318.540:ERROR:process_memory_win.cc(73)] ReadMemory at 0x18e55ad5000 of 62 bytes failed: ReadProcessMemory 要求または WriteProcessMemory 要求の一部だけを完了しました。 (0x12B)
[0516/163318.540:ERROR:process_memory_win.cc(73)] ReadMemory at 0x18e55ad50a0 of 62 bytes failed: ReadProcessMemory 要求または WriteProcessMemory 要求の一部だけを完了しました。 (0x12B)
[0516/163318.540:ERROR:process_memory_win.cc(73)] ReadMemory at 0x18e55ad5140 of 64 bytes failed: ReadProcessMemory 要求または WriteProcessMemory 要求の一部だけを完了しました。 (0x12B)
[0516/163318.540:ERROR:process_memory_win.cc(73)] ReadMemory at 0x18e55ad5190 of 62 bytes failed: ReadProcessMemory 要求または WriteProcessMemory 要求の一部だけを完了しました。 (0x12B)
[0516/163318.540:ERROR:process_memory_win.cc(73)] ReadMemory at 0x18e55ad52d0 of 60 bytes failed: ReadProcessMemory 要求または WriteProcessMemory 要求の一部だけを完了しました。 (0x12B)
[0516/163318.540:ERROR:process_memory_win.cc(73)] ReadMemory at 0x18e55ad5460 of 64 bytes failed: ReadProcessMemory 要求または WriteProcessMemory 要求の一部だけを完了しました。 (0x12B)
[0516/163318.540:ERROR:process_memory_win.cc(73)] ReadMemory at 0x18e55ad5500 of 62 bytes failed: ReadProcessMemory 要求または WriteProcessMemory 要求の一部だけを完了しました。 (0x12B)
[0516/163318.541:ERROR:process_memory_win.cc(73)] ReadMemory at 0x18e55ad55f0 of 60 bytes failed: ReadProcessMemory 要求または WriteProcessMemory 要求の一部だけを完了しました。 (0x12B)
[0516/163318.541:ERROR:process_memory_win.cc(73)] ReadMemory at 0x18e55ad5820 of 62 bytes failed: ReadProcessMemory 要求または WriteProcessMemory 要求の一部だけを完了しました。 (0x12B)
[0516/163318.541:ERROR:process_memory_win.cc(73)] ReadMemory at 0x18e55ad5870 of 60 bytes failed: ReadProcessMemory 要求または WriteProcessMemory 要求の一部だけを完了しました。 (0x12B)
[0516/163318.541:ERROR:process_memory_win.cc(73)] ReadMemory at 0x18e55ad5a00 of 64 bytes failed: ReadProcessMemory 要求または WriteProcessMemory 要求の一部だけを完了しました。 (0x12B)
[0516/163318.541:ERROR:process_memory_win.cc(73)] ReadMemory at 0x18e55ad6360 of 132 bytes failed: ReadProcessMemory 要求または WriteProcessMemory 要求の一部だけを完了しました。 (0x12B)
[0516/163318.541:ERROR:process_memory_win.cc(73)] ReadMemory at 0x18e55ad6a80 of 132 bytes failed: ReadProcessMemory 要求または WriteProcessMemory 要求の一部だけを完了しました。 (0x12B)
[0516/163318.541:ERROR:process_memory_win.cc(73)] ReadMemory at 0x18e55ad7530 of 132 bytes failed: ReadProcessMemory 要求または WriteProcessMemory 要求の一部だけを完了しました。 (0x12B)
[0516/163318.541:ERROR:process_memory_win.cc(73)] ReadMemory at 0x18e55ad7790 of 132 bytes failed: ReadProcessMemory 要求または WriteProcessMemory 要求の一部だけを完了しました。 (0x12B)
[0516/163318.541:ERROR:process_memory_win.cc(73)] ReadMemory at 0x18e55ad78c0 of 132 bytes failed: ReadProcessMemory 要求または WriteProcessMemory 要求の一部だけを完了しました。 (0x12B)
[0516/163318.541:ERROR:process_memory_win.cc(73)] ReadMemory at 0x18e55ad79f0 of 132 bytes failed: ReadProcessMemory 要求または WriteProcessMemory 要求の一部だけを完了しました。 (0x12B)
[0516/163318.541:ERROR:process_memory_win.cc(73)] ReadMemory at 0x18e55ad7b20 of 132 bytes failed: ReadProcessMemory 要求または WriteProcessMemory 要求の一部だけを完了しました。 (0x12B)
[0516/163318.541:ERROR:process_memory_win.cc(73)] ReadMemory at 0x18e55ad7c50 of 132 bytes failed: ReadProcessMemory 要求または WriteProcessMemory 要求の一部だけを完了しました。 (0x12B)
[0516/163318.541:ERROR:process_memory_win.cc(73)] ReadMemory at 0x18e55ad7eb0 of 132 bytes failed: ReadProcessMemory 要求または WriteProcessMemory 要求の一部だけを完了しました。 (0x12B)
[0516/163318.541:ERROR:process_memory_win.cc(73)] ReadMemory at 0x18e55ad8110 of 132 bytes failed: ReadProcessMemory 要求または WriteProcessMemory 要求の一部だけを完了しました。 (0x12B)
[0516/163318.541:ERROR:process_memory_win.cc(73)] ReadMemory at 0x18e55af00a0 of 512 bytes failed: ReadProcessMemory 要求または WriteProcessMemory 要求の一部だけを完了しました。 (0x12B)
[0516/163318.541:ERROR:process_memory_win.cc(73)] ReadMemory at 0x18e55af0ed0 of 640 bytes failed: ReadProcessMemory 要求または WriteProcessMemory 要求の一部だけを完了しました。 (0x12B)
[0516/163318.541:ERROR:process_memory_win.cc(73)] ReadMemory at 0x18e56180000 of 384 bytes failed: ReadProcessMemory 要求または WriteProcessMemory 要求の一部だけを完了しました。 (0x12B)
[0516/163318.541:ERROR:process_memory_win.cc(73)] ReadMemory at 0x18e56180258 of 512 bytes failed: ReadProcessMemory 要求または WriteProcessMemory 要求の一部だけを完了しました。 (0x12B)
[0516/163318.541:ERROR:process_memory_win.cc(73)] ReadMemory at 0x18e56180dc0 of 512 bytes failed: ReadProcessMemory 要求または WriteProcessMemory 要求の一部だけを完了しました。 (0x12B)
[0516/163318.542:ERROR:process_memory_win.cc(73)] ReadMemory at 0x18e56181180 of 512 bytes failed: ReadProcessMemory 要求または WriteProcessMemory 要求の一部だけを完了しました。 (0x12B)
[0516/163318.542:ERROR:process_memory_win.cc(73)] ReadMemory at 0x18e5625ad20 of 512 bytes failed: ReadProcessMemory 要求または WriteProcessMemory 要求の一部だけを完了しました。 (0x12B)
[0516/163318.542:ERROR:process_memory_win.cc(73)] ReadMemory at 0x18e5626d020 of 512 bytes failed: ReadProcessMemory 要求または WriteProcessMemory 要求の一部だけを完了しました。 (0x12B)
[0516/163318.542:ERROR:process_memory_win.cc(73)] ReadMemory at 0x18e5626df20 of 512 bytes failed: ReadProcessMemory 要求または WriteProcessMemory 要求の一部だけを完了しました。 (0x12B)
[0516/163318.542:ERROR:process_memory_win.cc(73)] ReadMemory at 0x18e56283530 of 512 bytes failed: ReadProcessMemory 要求または WriteProcessMemory 要求の一部だけを完了しました。 (0x12B)
[0516/163318.542:ERROR:process_memory_win.cc(73)] ReadMemory at 0x18e562a54c0 of 712 bytes failed: ReadProcessMemory 要求または WriteProcessMemory 要求の一部だけを完了しました。 (0x12B)
[0516/163318.542:ERROR:process_memory_win.cc(73)] ReadMemory at 0x18e562af800 of 992 bytes failed: ReadProcessMemory 要求または WriteProcessMemory 要求の一部だけを完了しました。 (0x12B)
[0516/163318.542:ERROR:process_memory_win.cc(73)] ReadMemory at 0x18e562b98e0 of 560 bytes failed: ReadProcessMemory 要求または WriteProcessMemory 要求の一部だけを完了しました。 (0x12B)
[0516/163318.542:ERROR:process_memory_win.cc(73)] ReadMemory at 0x18e579585c0 of 512 bytes failed: ReadProcessMemory 要求または WriteProcessMemory 要求の一部だけを完了しました。 (0x12B)
[0516/163318.542:ERROR:process_memory_win.cc(73)] ReadMemory at 0x18e5797a2b0 of 512 bytes failed: ReadProcessMemory 要求または WriteProcessMemory 要求の一部だけを完了しました。 (0x12B)
[0516/163318.542:ERROR:process_memory_win.cc(73)] ReadMemory at 0x18e57aa7770 of 608 bytes failed: ReadProcessMemory 要求または WriteProcessMemory 要求の一部だけを完了しました。 (0x12B)
[0516/163318.542:ERROR:process_memory_win.cc(73)] ReadMemory at 0x18e58416a10 of 512 bytes failed: ReadProcessMemory 要求または WriteProcessMemory 要求の一部だけを完了しました。 (0x12B)
[0516/163318.542:ERROR:process_memory_win.cc(73)] ReadMemory at 0x18e585aa2b0 of 512 bytes failed: ReadProcessMemory 要求または WriteProcessMemory 要求の一部だけを完了しました。 (0x12B)
[0516/163318.542:ERROR:process_memory_win.cc(73)] ReadMemory at 0x18e585d10e0 of 512 bytes failed: ReadProcessMemory 要求または WriteProcessMemory 要求の一部だけを完了しました。 (0x12B)
[0516/163318.542:ERROR:process_memory_win.cc(73)] ReadMemory at 0x18e588478b0 of 512 bytes failed: ReadProcessMemory 要求または WriteProcessMemory 要求の一部だけを完了しました。 (0x12B)
[0516/163318.542:ERROR:process_memory_win.cc(73)] ReadMemory at 0x2317085e1281 of 512 bytes failed: ReadProcessMemory 要求または WriteProcessMemory 要求の一部だけを完了しました。 (0x12B)
[0516/163318.542:ERROR:process_memory_win.cc(73)] ReadMemory at 0x52eacaf42fb8 of 512 bytes failed: ReadProcessMemory 要求または WriteProcessMemory 要求の一部だけを完了しました。 (0x12B)
[0516/163318.542:ERROR:process_memory_win.cc(73)] ReadMemory at 0x7ffd1f0e04ef of 512 bytes failed: ReadProcessMemory 要求または WriteProcessMemory 要求の一部だけを完了しました。 (0x12B)
[0516/163318.542:ERROR:process_memory_win.cc(73)] ReadMemory at 0x7ffd9962a719 of 512 bytes failed: ReadProcessMemory 要求または WriteProcessMemory 要求の一部だけを完了しました。 (0x12B)
[0516/163318.542:ERROR:process_memory_win.cc(73)] ReadMemory at 0x7ffd9985c6e0 of 512 bytes failed: ReadProcessMemory 要求または WriteProcessMemory 要求の一部だけを完了しました。 (0x12B)
[0516/163318.543:ERROR:process_memory_win.cc(73)] ReadMemory at 0x7ffd9c65c074 of 672 bytes failed: ReadProcessMemory 要求または WriteProcessMemory 要求の一部だけを完了しました。 (0x12B)
[0516/163318.543:ERROR:process_memory_win.cc(73)] ReadMemory at 0x7ffd9c65c674 of 512 bytes failed: ReadProcessMemory 要求または WriteProcessMemory 要求の一部だけを完了しました。 (0x12B)
[0516/163318.543:ERROR:process_memory_win.cc(73)] ReadMemory at 0x7ffd9c65f924 of 608 bytes failed: ReadProcessMemory 要求または WriteProcessMemory 要求の一部だけを完了しました。 (0x12B)
[0516/163318.543:ERROR:process_memory_win.cc(73)] ReadMemory at 0x7ffd9c6ec428 of 18 bytes failed: ReadProcessMemory 要求または WriteProcessMemory 要求の一部だけを完了しました。 (0x12B)
[0516/163318.543:ERROR:process_memory_win.cc(73)] ReadMemory at 0x7ffd9c71f4f8 of 40 bytes failed: ReadProcessMemory 要求または WriteProcessMemory 要求の一部だけを完了しました。 (0x12B)
[0516/163318.543:ERROR:process_memory_win.cc(73)] ReadMemory at 0x7ffd9c71f978 of 48 bytes failed: ReadProcessMemory 要求または WriteProcessMemory 要求の一部だけを完了しました。 (0x12B)
[0516/163318.543:ERROR:process_memory_win.cc(73)] ReadMemory at 0x7ffd9c7253c0 of 64 bytes failed: ReadProcessMemory 要求または WriteProcessMemory 要求の一部だけを完了しました。 (0x12B)
[0516/163318.544:ERROR:scoped_process_suspend.cc(40)] NtResumeProcess: 既存のプロセスにアクセスしようとしました。 (0xc000010a)
